[0921/092514.144:ERROR:crash_report_database_win.cc(469)] failed to stat report
[0921/092514.144:ERROR:crash_report_database_win.cc(469)] failed to stat report
[0921/092514.144:ERROR:crash_report_database_win.cc(469)] failed to stat report
[0921/092514.144:ERROR:crash_report_database_win.cc(469)] failed to stat report
[0922/091851.923:ERROR:crash_report_database_win.cc(469)] failed to stat report
[0922/091851.924:ERROR:crash_report_database_win.cc(469)] failed to stat report
[0922/091851.924:ERROR:crash_report_database_win.cc(469)] failed to stat report
[0922/091851.924:ERROR:crash_report_database_win.cc(469)] failed to stat report
[0922/092113.982:ERROR:crash_report_database_win.cc(469)] failed to stat report
[0922/092113.983:ERROR:crash_report_database_win.cc(469)] failed to stat report
[0922/092113.984:ERROR:crash_report_database_win.cc(469)] failed to stat report
[0922/092113.984:ERROR:crash_report_database_win.cc(469)] failed to stat report
[1008/141552.105:ERROR:crash_report_database_win.cc(469)] failed to stat report
[1008/141552.105:ERROR:crash_report_database_win.cc(469)] failed to stat report
[1008/141552.105:ERROR:crash_report_database_win.cc(469)] failed to stat report
[1008/141552.105:ERROR:crash_report_database_win.cc(469)] failed to stat report
[1008/145010.997:ERROR:crash_report_database_win.cc(469)] failed to stat report
[1008/145010.998:ERROR:crash_report_database_win.cc(469)] failed to stat report
[1008/145010.998:ERROR:crash_report_database_win.cc(469)] failed to stat report
[1008/145010.998:ERROR:crash_report_database_win.cc(469)] failed to stat report
[1008/145508.372:ERROR:crash_report_database_win.cc(469)] failed to stat report
[1008/145508.373:ERROR:crash_report_database_win.cc(469)] failed to stat report
[1008/145508.373:ERROR:crash_report_database_win.cc(469)] failed to stat report
[1008/145508.373:ERROR:crash_report_database_win.cc(469)] failed to stat report
[1008/145525.610:ERROR:crash_report_database_win.cc(469)] failed to stat report
[1008/145525.611:ERROR:crash_report_database_win.cc(469)] failed to stat report
[1008/145525.611:ERROR:crash_report_database_win.cc(469)] failed to stat report
[1008/145525.611:ERROR:crash_report_database_win.cc(469)] failed to stat report
[1008/235640.810:ERROR:directory_reader_win.cc(43)] FindFirstFile: The system cannot find the path specified. (0x3)
[1010/150546.033:ERROR:directory_reader_win.cc(43)] FindFirstFile: The system cannot find the path specified. (0x3)
[1011/191050.995:ERROR:directory_reader_win.cc(43)] FindFirstFile: The system cannot find the path specified. (0x3)
[1012/084035.282:ERROR:process_memory_win.cc(73)] ReadMemory at 0x3f0000 of 64 bytes failed: Only part of a ReadProcessMemory or WriteProcessMemory request was completed. (0x12B)
[1012/084035.298:WARNING:pe_image_reader.cc(340)] could not read dos header from C:\Program Files (x86)\Google\Chrome\Application\chrome.exe
[1012/084035.330:ERROR:process_memory_win.cc(73)] ReadMemory at 0x3f0000 of 64 bytes failed: Only part of a ReadProcessMemory or WriteProcessMemory request was completed. (0x12B)
[1012/084035.330:WARNING:pe_image_reader.cc(340)] could not read dos header from C:\Program Files (x86)\Google\Chrome\Application\chrome.exe
[1012/084035.330:ERROR:process_memory_win.cc(73)] ReadMemory at 0x3f0000 of 64 bytes failed: Only part of a ReadProcessMemory or WriteProcessMemory request was completed. (0x12B)
[1012/084035.330:WARNING:pe_image_reader.cc(340)] could not read dos header from C:\Program Files (x86)\Google\Chrome\Application\chrome.exe
[1012/084035.330:ERROR:process_memory_win.cc(73)] ReadMemory at 0x4e50570 of 44 bytes failed: Only part of a ReadProcessMemory or WriteProcessMemory request was completed. (0x12B)
[1012/084035.330:WARNING:pe_image_annotations_reader.cc(135)] could not read annotations list object in C:\Program Files (x86)\Google\Chrome\Application\86.0.4240.75\chrome_elf.dll
[1012/084035.330:ERROR:process_memory_win.cc(73)] ReadMemory at 0x69310000 of 64 bytes failed: Only part of a ReadProcessMemory or WriteProcessMemory request was completed. (0x12B)
[1012/084035.330:WARNING:pe_image_reader.cc(340)] could not read dos header from C:\Program Files (x86)\Google\Chrome\Application\86.0.4240.75\chrome.dll
[1012/084035.338:ERROR:process_memory_win.cc(73)] ReadMemory at 0x69310000 of 64 bytes failed: Only part of a ReadProcessMemory or WriteProcessMemory request was completed. (0x12B)
[1012/084035.338:WARNING:pe_image_reader.cc(340)] could not read dos header from C:\Program Files (x86)\Google\Chrome\Application\86.0.4240.75\chrome.dll
[1012/084035.370:ERROR:process_memory_win.cc(73)] ReadMemory at 0x3f0000 of 64 bytes failed: Only part of a ReadProcessMemory or WriteProcessMemory request was completed. (0x12B)
[1012/084035.370:WARNING:pe_image_reader.cc(340)] could not read dos header from C:\Program Files (x86)\Google\Chrome\Application\chrome.exe
[1012/084035.370:ERROR:process_memory_win.cc(73)] ReadMemory at 0x770e0000 of 64 bytes failed: Only part of a ReadProcessMemory or WriteProcessMemory request was completed. (0x12B)
[1012/084035.370:WARNING:pe_image_reader.cc(340)] could not read dos header from C:\Windows\SYSTEM32\ntdll.dll
[1012/084035.370:ERROR:process_memory_win.cc(73)] ReadMemory at 0x76c90000 of 64 bytes failed: Only part of a ReadProcessMemory or WriteProcessMemory request was completed. (0x12B)
[1012/084035.370:WARNING:pe_image_reader.cc(340)] could not read dos header from C:\Windows\System32\KERNEL32.DLL
[1012/084035.370:ERROR:process_memory_win.cc(73)] ReadMemory at 0x76860000 of 64 bytes failed: Only part of a ReadProcessMemory or WriteProcessMemory request was completed. (0x12B)
[1012/084035.370:WARNING:pe_image_reader.cc(340)] could not read dos header from C:\Windows\System32\KERNELBASE.dll
[1012/084035.370:ERROR:process_memory_win.cc(73)] ReadMemory at 0x72210000 of 64 bytes failed: Only part of a ReadProcessMemory or WriteProcessMemory request was completed. (0x12B)
[1012/084035.370:WARNING:pe_image_reader.cc(340)] could not read dos header from C:\Program Files (x86)\Google\Chrome\Application\86.0.4240.75\chrome_elf.dll
[1012/084035.370:ERROR:process_memory_win.cc(73)] ReadMemory at 0x72cf0000 of 64 bytes failed: Only part of a ReadProcessMemory or WriteProcessMemory request was completed. (0x12B)
[1012/084035.370:WARNING:pe_image_reader.cc(340)] could not read dos header from C:\Windows\SYSTEM32\VERSION.dll
[1012/084035.370:ERROR:process_memory_win.cc(73)] ReadMemory at 0x76b50000 of 64 bytes failed: Only part of a ReadProcessMemory or WriteProcessMemory request was completed. (0x12B)
[1012/084035.370:WARNING:pe_image_reader.cc(340)] could not read dos header from C:\Windows\System32\msvcrt.dll
[1012/084035.370:ERROR:process_memory_win.cc(73)] ReadMemory at 0x76e10000 of 64 bytes failed: Only part of a ReadProcessMemory or WriteProcessMemory request was completed. (0x12B)
[1012/084035.370:WARNING:pe_image_reader.cc(340)] could not read dos header from C:\Windows\System32\bcryptPrimitives.dll
[1012/084035.370:ERROR:process_memory_win.cc(73)] ReadMemory at 0x73c30000 of 64 bytes failed: Only part of a ReadProcessMemory or WriteProcessMemory request was completed. (0x12B)
[1012/084035.370:WARNING:pe_image_reader.cc(340)] could not read dos header from C:\Windows\System32\ADVAPI32.dll
[1012/084035.370:ERROR:process_memory_win.cc(73)] ReadMemory at 0x743c0000 of 64 bytes failed: Only part of a ReadProcessMemory or WriteProcessMemory request was completed. (0x12B)
[1012/084035.370:WARNING:pe_image_reader.cc(340)] could not read dos header from C:\Windows\System32\sechost.dll
[1012/084035.378:ERROR:process_memory_win.cc(73)] ReadMemory at 0x74520000 of 64 bytes failed: Only part of a ReadProcessMemory or WriteProcessMemory request was completed. (0x12B)
[1012/084035.378:WARNING:pe_image_reader.cc(340)] could not read dos header from C:\Windows\System32\RPCRT4.dll
[1012/084035.378:ERROR:process_memory_win.cc(73)] ReadMemory at 0x73bb0000 of 64 bytes failed: Only part of a ReadProcessMemory or WriteProcessMemory request was completed. (0x12B)
[1012/084035.378:WARNING:pe_image_reader.cc(340)] could not read dos header from C:\Windows\System32\SspiCli.dll
[1012/084035.378:ERROR:process_memory_win.cc(73)] ReadMemory at 0x73ba0000 of 64 bytes failed: Only part of a ReadProcessMemory or WriteProcessMemory request was completed. (0x12B)
[1012/084035.378:WARNING:pe_image_reader.cc(340)] could not read dos header from C:\Windows\System32\CRYPTBASE.dll
[1012/084035.378:ERROR:process_memory_win.cc(73)] ReadMemory at 0x69310000 of 64 bytes failed: Only part of a ReadProcessMemory or WriteProcessMemory request was completed. (0x12B)
[1012/084035.378:WARNING:pe_image_reader.cc(340)] could not read dos header from C:\Program Files (x86)\Google\Chrome\Application\86.0.4240.75\chrome.dll
[1012/084035.378:ERROR:process_memory_win.cc(73)] ReadMemory at 0x74840000 of 64 bytes failed: Only part of a ReadProcessMemory or WriteProcessMemory request was completed. (0x12B)
[1012/084035.378:WARNING:pe_image_reader.cc(340)] could not read dos header from C:\Windows\System32\WS2_32.dll
[1012/084035.378:ERROR:process_memory_win.cc(73)] ReadMemory at 0x75e70000 of 64 bytes failed: Only part of a ReadProcessMemory or WriteProcessMemory request was completed. (0x12B)
[1012/084035.378:WARNING:pe_image_reader.cc(340)] could not read dos header from C:\Windows\System32\OLEAUT32.dll
[1012/084035.378:ERROR:process_memory_win.cc(73)] ReadMemory at 0x76c10000 of 64 bytes failed: Only part of a ReadProcessMemory or WriteProcessMemory request was completed. (0x12B)
[1012/084035.378:WARNING:pe_image_reader.cc(340)] could not read dos header from C:\Windows\System32\msvcp_win.dll
[1012/084035.378:ERROR:process_memory_win.cc(73)] ReadMemory at 0x76a30000 of 64 bytes failed: Only part of a ReadProcessMemory or WriteProcessMemory request was completed. (0x12B)
[1012/084035.378:WARNING:pe_image_reader.cc(340)] could not read dos header from C:\Windows\System32\ucrtbase.dll
[1012/084035.378:ERROR:process_memory_win.cc(73)] ReadMemory at 0x745e0000 of 64 bytes failed: Only part of a ReadProcessMemory or WriteProcessMemory request was completed. (0x12B)
[1012/084035.378:WARNING:pe_image_reader.cc(340)] could not read dos header from C:\Windows\System32\combase.dll
[1012/084035.378:ERROR:process_memory_win.cc(73)] ReadMemory at 0x73bd0000 of 64 bytes failed: Only part of a ReadProcessMemory or WriteProcessMemory request was completed. (0x12B)
[1012/084035.378:WARNING:pe_image_reader.cc(340)] could not read dos header from C:\Windows\System32\WINTRUST.dll
[1012/084035.378:ERROR:process_memory_win.cc(73)] ReadMemory at 0x73c20000 of 64 bytes failed: Only part of a ReadProcessMemory or WriteProcessMemory request was completed. (0x12B)
[1012/084035.378:WARNING:pe_image_reader.cc(340)] could not read dos header from C:\Windows\System32\MSASN1.dll
[1012/084035.378:ERROR:process_memory_win.cc(73)] ReadMemory at 0x76e80000 of 64 bytes failed: Only part of a ReadProcessMemory or WriteProcessMemory request was completed. (0x12B)
[1012/084035.378:WARNING:pe_image_reader.cc(340)] could not read dos header from C:\Windows\System32\CRYPT32.dll
[1012/084035.378:ERROR:process_memory_win.cc(73)] ReadMemory at 0x719a0000 of 64 bytes failed: Only part of a ReadProcessMemory or WriteProcessMemory request was completed. (0x12B)
[1012/084035.378:WARNING:pe_image_reader.cc(340)] could not read dos header from C:\Windows\SYSTEM32\dbghelp.dll
[1012/084035.378:ERROR:process_memory_win.cc(73)] ReadMemory at 0x72cc0000 of 64 bytes failed: Only part of a ReadProcessMemory or WriteProcessMemory request was completed. (0x12B)
[1012/084035.378:WARNING:pe_image_reader.cc(340)] could not read dos header from C:\Windows\SYSTEM32\IPHLPAPI.DLL
[1012/084035.378:ERROR:process_memory_win.cc(73)] ReadMemory at 0x73890000 of 64 bytes failed: Only part of a ReadProcessMemory or WriteProcessMemory request was completed. (0x12B)
[1012/084035.378:WARNING:pe_image_reader.cc(340)] could not read dos header from C:\Windows\SYSTEM32\WINMM.dll
[1012/084035.378:ERROR:process_memory_win.cc(73)] ReadMemory at 0x713c0000 of 64 bytes failed: Only part of a ReadProcessMemory or WriteProcessMemory request was completed. (0x12B)
[1012/084035.378:WARNING:pe_image_reader.cc(340)] could not read dos header from C:\Windows\SYSTEM32\UIAutomationCore.DLL
[1012/084035.378:ERROR:process_memory_win.cc(73)] ReadMemory at 0x72200000 of 64 bytes failed: Only part of a ReadProcessMemory or WriteProcessMemory request was completed. (0x12B)
[1012/084035.378:WARNING:pe_image_reader.cc(340)] could not read dos header from C:\Windows\SYSTEM32\Secur32.dll
[1012/084035.378:ERROR:process_memory_win.cc(73)] ReadMemory at 0x72eb0000 of 64 bytes failed: Only part of a ReadProcessMemory or WriteProcessMemory request was completed. (0x12B)
[1012/084035.378:WARNING:pe_image_reader.cc(340)] could not read dos header from C:\Windows\SYSTEM32\USERENV.dll
[1012/084035.378:ERROR:process_memory_win.cc(73)] ReadMemory at 0x76d60000 of 64 bytes failed: Only part of a ReadProcessMemory or WriteProcessMemory request was completed. (0x12B)
[1012/084035.378:WARNING:pe_image_reader.cc(340)] could not read dos header from C:\Windows\System32\profapi.dll
[1012/084035.378:ERROR:process_memory_win.cc(73)] ReadMemory at 0x71170000 of 64 bytes failed: Only part of a ReadProcessMemory or WriteProcessMemory request was completed. (0x12B)
[1012/084035.378:WARNING:pe_image_reader.cc(340)] could not read dos header from C:\Windows\SYSTEM32\DWrite.dll
[1012/084035.378:ERROR:process_memory_win.cc(73)] ReadMemory at 0x73a90000 of 64 bytes failed: Only part of a ReadProcessMemory or WriteProcessMemory request was completed. (0x12B)
[1012/084035.378:WARNING:pe_image_reader.cc(340)] could not read dos header from C:\Windows\SYSTEM32\WINSPOOL.DRV
[1012/084035.378:ERROR:process_memory_win.cc(73)] ReadMemory at 0x72c10000 of 64 bytes failed: Only part of a ReadProcessMemory or WriteProcessMemory request was completed. (0x12B)
[1012/084035.378:WARNING:pe_image_reader.cc(340)] could not read dos header from C:\Windows\SYSTEM32\WINHTTP.dll
[1012/084035.378:ERROR:process_memory_win.cc(73)] ReadMemory at 0x728a0000 of 64 bytes failed: Only part of a ReadProcessMemory or WriteProcessMemory request was completed. (0x12B)
[1012/084035.378:WARNING:pe_image_reader.cc(340)] could not read dos header from C:\Windows\SYSTEM32\dhcpcsvc.DLL
[1012/084035.378:ERROR:process_memory_win.cc(73)] ReadMemory at 0x748b0000 of 64 bytes failed: Only part of a ReadProcessMemory or WriteProcessMemory request was completed. (0x12B)
[1012/084035.378:WARNING:pe_image_reader.cc(340)] could not read dos header from C:\Windows\System32\NSI.dll
[1012/084035.378:ERROR:process_memory_win.cc(73)] ReadMemory at 0x73840000 of 64 bytes failed: Only part of a ReadProcessMemory or WriteProcessMemory request was completed. (0x12B)
[1012/084035.378:WARNING:pe_image_reader.cc(340)] could not read dos header from C:\Windows\SYSTEM32\WINMMBASE.dll
[1012/084035.378:ERROR:process_memory_win.cc(73)] ReadMemory at 0x76dd0000 of 64 bytes failed: Only part of a ReadProcessMemory or WriteProcessMemory request was completed. (0x12B)
[1012/084035.378:WARNING:pe_image_reader.cc(340)] could not read dos header from C:\Windows\System32\cfgmgr32.dll
[1012/084035.378:ERROR:process_memory_win.cc(73)] ReadMemory at 0x73870000 of 64 bytes failed: Only part of a ReadProcessMemory or WriteProcessMemory request was completed. (0x12B)
[1012/084035.378:WARNING:pe_image_reader.cc(340)] could not read dos header from C:\Windows\SYSTEM32\bcrypt.dll
[1012/084035.410:ERROR:process_memory_win.cc(73)] ReadMemory at 0x4b77000 of 36864 bytes failed: Only part of a ReadProcessMemory or WriteProcessMemory request was completed. (0x12B)
[1012/084035.410:ERROR:process_memory_win.cc(73)] ReadMemory at 0x662e000 of 8192 bytes failed: Only part of a ReadProcessMemory or WriteProcessMemory request was completed. (0x12B)
[1012/084035.410:ERROR:process_memory_win.cc(73)] ReadMemory at 0x676e000 of 8192 bytes failed: Only part of a ReadProcessMemory or WriteProcessMemory request was completed. (0x12B)
[1012/084035.410:ERROR:process_memory_win.cc(73)] ReadMemory at 0x68ae000 of 8192 bytes failed: Only part of a ReadProcessMemory or WriteProcessMemory request was completed. (0x12B)
[1012/084035.410:ERROR:process_memory_win.cc(73)] ReadMemory at 0x69ee000 of 8192 bytes failed: Only part of a ReadProcessMemory or WriteProcessMemory request was completed. (0x12B)
[1012/084035.410:ERROR:process_memory_win.cc(73)] ReadMemory at 0x6b2e000 of 8192 bytes failed: Only part of a ReadProcessMemory or WriteProcessMemory request was completed. (0x12B)
[1012/084035.410:ERROR:process_memory_win.cc(73)] ReadMemory at 0x6cef000 of 4096 bytes failed: Only part of a ReadProcessMemory or WriteProcessMemory request was completed. (0x12B)
[1012/084035.410:ERROR:process_memory_win.cc(73)] ReadMemory at 0x6e2f000 of 4096 bytes failed: Only part of a ReadProcessMemory or WriteProcessMemory request was completed. (0x12B)
[1012/084035.410:ERROR:process_memory_win.cc(73)] ReadMemory at 0x706e000 of 8192 bytes failed: Only part of a ReadProcessMemory or WriteProcessMemory request was completed. (0x12B)
[1012/084035.410:ERROR:process_memory_win.cc(73)] ReadMemory at 0x71af000 of 4096 bytes failed: Only part of a ReadProcessMemory or WriteProcessMemory request was completed. (0x12B)
[1012/084035.410:ERROR:process_memory_win.cc(73)] ReadMemory at 0x7aef000 of 4096 bytes failed: Only part of a ReadProcessMemory or WriteProcessMemory request was completed. (0x12B)
[1012/084035.410:ERROR:process_memory_win.cc(73)] ReadMemory at 0x7c2f000 of 4096 bytes failed: Only part of a ReadProcessMemory or WriteProcessMemory request was completed. (0x12B)
[1012/084035.410:ERROR:process_memory_win.cc(73)] ReadMemory at 0x7d6e000 of 8192 bytes failed: Only part of a ReadProcessMemory or WriteProcessMemory request was completed. (0x12B)
[1012/084035.410:ERROR:process_memory_win.cc(73)] ReadMemory at 0x80af000 of 4096 bytes failed: Only part of a ReadProcessMemory or WriteProcessMemory request was completed. (0x12B)
[1012/084035.410:ERROR:process_memory_win.cc(73)] ReadMemory at 0x48e3000 of 560 bytes failed: Only part of a ReadProcessMemory or WriteProcessMemory request was completed. (0x12B)
[1012/084035.410:ERROR:process_memory_win.cc(73)] ReadMemory at 0x48e6000 of 3992 bytes failed: Only part of a ReadProcessMemory or WriteProcessMemory request was completed. (0x12B)
[1012/084035.410:ERROR:process_memory_win.cc(73)] ReadMemory at 0x48e9000 of 3992 bytes failed: Only part of a ReadProcessMemory or WriteProcessMemory request was completed. (0x12B)
[1012/084035.410:ERROR:process_memory_win.cc(73)] ReadMemory at 0x48ec000 of 3992 bytes failed: Only part of a ReadProcessMemory or WriteProcessMemory request was completed. (0x12B)
[1012/084035.410:ERROR:process_memory_win.cc(73)] ReadMemory at 0x48ef000 of 3992 bytes failed: Only part of a ReadProcessMemory or WriteProcessMemory request was completed. (0x12B)
[1012/084035.410:ERROR:process_memory_win.cc(73)] ReadMemory at 0x48f2000 of 3992 bytes failed: Only part of a ReadProcessMemory or WriteProcessMemory request was completed. (0x12B)
[1012/084035.410:ERROR:process_memory_win.cc(73)] ReadMemory at 0x48f5000 of 3992 bytes failed: Only part of a ReadProcessMemory or WriteProcessMemory request was completed. (0x12B)
[1012/084035.410:ERROR:process_memory_win.cc(73)] ReadMemory at 0x48f8000 of 3992 bytes failed: Only part of a ReadProcessMemory or WriteProcessMemory request was completed. (0x12B)
[1012/084035.410:ERROR:process_memory_win.cc(73)] ReadMemory at 0x48fb000 of 3992 bytes failed: Only part of a ReadProcessMemory or WriteProcessMemory request was completed. (0x12B)
[1012/084035.410:ERROR:process_memory_win.cc(73)] ReadMemory at 0x48fe000 of 3992 bytes failed: Only part of a ReadProcessMemory or WriteProcessMemory request was completed. (0x12B)
[1012/084035.410:ERROR:process_memory_win.cc(73)] ReadMemory at 0x4901000 of 3992 bytes failed: Only part of a ReadProcessMemory or WriteProcessMemory request was completed. (0x12B)
[1012/084035.418:ERROR:process_memory_win.cc(73)] ReadMemory at 0x4904000 of 3992 bytes failed: Only part of a ReadProcessMemory or WriteProcessMemory request was completed. (0x12B)
[1012/084035.418:ERROR:process_memory_win.cc(73)] ReadMemory at 0x4907000 of 3992 bytes failed: Only part of a ReadProcessMemory or WriteProcessMemory request was completed. (0x12B)
[1012/084035.418:ERROR:process_memory_win.cc(73)] ReadMemory at 0x490a000 of 3992 bytes failed: Only part of a ReadProcessMemory or WriteProcessMemory request was completed. (0x12B)
[1012/084035.418:ERROR:process_memory_win.cc(73)] ReadMemory at 0x490d000 of 3992 bytes failed: Only part of a ReadProcessMemory or WriteProcessMemory request was completed. (0x12B)
[1012/084035.418:ERROR:process_memory_win.cc(73)] ReadMemory at 0x4e50ae0 of 5030 bytes failed: Only part of a ReadProcessMemory or WriteProcessMemory request was completed. (0x12B)
[1012/084035.418:ERROR:process_memory_win.cc(73)] ReadMemory at 0x4e51e90 of 660 bytes failed: Only part of a ReadProcessMemory or WriteProcessMemory request was completed. (0x12B)
[1012/084035.418:ERROR:process_memory_win.cc(73)] ReadMemory at 0x4e5233c of 118 bytes failed: Only part of a ReadProcessMemory or WriteProcessMemory request was completed. (0x12B)
[1012/084035.418:ERROR:process_memory_win.cc(73)] ReadMemory at 0x4e523b4 of 704 bytes failed: Only part of a ReadProcessMemory or WriteProcessMemory request was completed. (0x12B)
[1012/084035.418:ERROR:process_memory_win.cc(73)] ReadMemory at 0x4e52676 of 118 bytes failed: Only part of a ReadProcessMemory or WriteProcessMemory request was completed. (0x12B)
[1012/084035.418:ERROR:process_memory_win.cc(73)] ReadMemory at 0x4e526ee of 100 bytes failed: Only part of a ReadProcessMemory or WriteProcessMemory request was completed. (0x12B)
[1012/084035.418:ERROR:process_memory_win.cc(73)] ReadMemory at 0x4e53b08 of 58 bytes failed: Only part of a ReadProcessMemory or WriteProcessMemory request was completed. (0x12B)
[1012/084035.418:ERROR:process_memory_win.cc(73)] ReadMemory at 0x4e53bf8 of 72 bytes failed: Only part of a ReadProcessMemory or WriteProcessMemory request was completed. (0x12B)
[1012/084035.418:ERROR:process_memory_win.cc(73)] ReadMemory at 0x4e53ce0 of 72 bytes failed: Only part of a ReadProcessMemory or WriteProcessMemory request was completed. (0x12B)
[1012/084035.418:ERROR:process_memory_win.cc(73)] ReadMemory at 0x4e53de0 of 124 bytes failed: Only part of a ReadProcessMemory or WriteProcessMemory request was completed. (0x12B)
[1012/084035.418:ERROR:process_memory_win.cc(73)] ReadMemory at 0x4e54188 of 72 bytes failed: Only part of a ReadProcessMemory or WriteProcessMemory request was completed. (0x12B)
[1012/084035.418:ERROR:process_memory_win.cc(73)] ReadMemory at 0x4e54270 of 64 bytes failed: Only part of a ReadProcessMemory or WriteProcessMemory request was completed. (0x12B)
[1012/084035.418:ERROR:process_memory_win.cc(73)] ReadMemory at 0x4e54478 of 72 bytes failed: Only part of a ReadProcessMemory or WriteProcessMemory request was completed. (0x12B)
[1012/084035.418:ERROR:process_memory_win.cc(73)] ReadMemory at 0x4e54560 of 68 bytes failed: Only part of a ReadProcessMemory or WriteProcessMemory request was completed. (0x12B)
[1012/084035.418:ERROR:process_memory_win.cc(73)] ReadMemory at 0x4e54e30 of 72 bytes failed: Only part of a ReadProcessMemory or WriteProcessMemory request was completed. (0x12B)
[1012/084035.418:ERROR:process_memory_win.cc(73)] ReadMemory at 0x4e54f60 of 72 bytes failed: Only part of a ReadProcessMemory or WriteProcessMemory request was completed. (0x12B)
[1012/084035.418:ERROR:process_memory_win.cc(73)] ReadMemory at 0x4e55010 of 152 bytes failed: Only part of a ReadProcessMemory or WriteProcessMemory request was completed. (0x12B)
[1012/084035.418:ERROR:process_memory_win.cc(73)] ReadMemory at 0x4e55b40 of 62 bytes failed: Only part of a ReadProcessMemory or WriteProcessMemory request was completed. (0x12B)
[1012/084035.418:ERROR:process_memory_win.cc(73)] ReadMemory at 0x4e55c08 of 72 bytes failed: Only part of a ReadProcessMemory or WriteProcessMemory request was completed. (0x12B)
[1012/084035.418:ERROR:process_memory_win.cc(73)] ReadMemory at 0x4e55cf0 of 60 bytes failed: Only part of a ReadProcessMemory or WriteProcessMemory request was completed. (0x12B)
[1012/084035.418:ERROR:process_memory_win.cc(73)] ReadMemory at 0x4e5ff50 of 60 bytes failed: Only part of a ReadProcessMemory or WriteProcessMemory request was completed. (0x12B)
[1012/084035.418:ERROR:process_memory_win.cc(73)] ReadMemory at 0x4e5ffe0 of 62 bytes failed: Only part of a ReadProcessMemory or WriteProcessMemory request was completed. (0x12B)
[1012/084035.418:ERROR:process_memory_win.cc(73)] ReadMemory at 0x4e60070 of 62 bytes failed: Only part of a ReadProcessMemory or WriteProcessMemory request was completed. (0x12B)
[1012/084035.418:ERROR:process_memory_win.cc(73)] ReadMemory at 0x4e600b8 of 60 bytes failed: Only part of a ReadProcessMemory or WriteProcessMemory request was completed. (0x12B)
[1012/084035.418:ERROR:process_memory_win.cc(73)] ReadMemory at 0x4e60100 of 62 bytes failed: Only part of a ReadProcessMemory or WriteProcessMemory request was completed. (0x12B)
[1012/084035.418:ERROR:process_memory_win.cc(73)] ReadMemory at 0x4e60148 of 60 bytes failed: Only part of a ReadProcessMemory or WriteProcessMemory request was completed. (0x12B)
[1012/084035.418:ERROR:process_memory_win.cc(73)] ReadMemory at 0x4e60190 of 62 bytes failed: Only part of a ReadProcessMemory or WriteProcessMemory request was completed. (0x12B)
[1012/084035.418:ERROR:process_memory_win.cc(73)] ReadMemory at 0x4e60268 of 60 bytes failed: Only part of a ReadProcessMemory or WriteProcessMemory request was completed. (0x12B)
[1012/084035.418:ERROR:process_memory_win.cc(73)] ReadMemory at 0x4e602b0 of 58 bytes failed: Only part of a ReadProcessMemory or WriteProcessMemory request was completed. (0x12B)
[1012/084035.418:ERROR:process_memory_win.cc(73)] ReadMemory at 0x4e60460 of 62 bytes failed: Only part of a ReadProcessMemory or WriteProcessMemory request was completed. (0x12B)
[1012/084035.418:ERROR:process_memory_win.cc(73)] ReadMemory at 0x4e604f0 of 62 bytes failed: Only part of a ReadProcessMemory or WriteProcessMemory request was completed. (0x12B)
[1012/084035.418:ERROR:process_memory_win.cc(73)] ReadMemory at 0x4e60538 of 60 bytes failed: Only part of a ReadProcessMemory or WriteProcessMemory request was completed. (0x12B)
[1012/084035.418:ERROR:process_memory_win.cc(73)] ReadMemory at 0x4e605c8 of 62 bytes failed: Only part of a ReadProcessMemory or WriteProcessMemory request was completed. (0x12B)
[1012/084035.418:ERROR:process_memory_win.cc(73)] ReadMemory at 0x4e60610 of 62 bytes failed: Only part of a ReadProcessMemory or WriteProcessMemory request was completed. (0x12B)
[1012/084035.418:ERROR:process_memory_win.cc(73)] ReadMemory at 0x4e606a0 of 62 bytes failed: Only part of a ReadProcessMemory or WriteProcessMemory request was completed. (0x12B)
[1012/084035.418:ERROR:process_memory_win.cc(73)] ReadMemory at 0x4e61610 of 66 bytes failed: Only part of a ReadProcessMemory or WriteProcessMemory request was completed. (0x12B)
[1012/084035.418:ERROR:process_memory_win.cc(73)] ReadMemory at 0x4e616e0 of 72 bytes failed: Only part of a ReadProcessMemory or WriteProcessMemory request was completed. (0x12B)
[1012/084035.418:ERROR:process_memory_win.cc(73)] ReadMemory at 0x4e61790 of 80 bytes failed: Only part of a ReadProcessMemory or WriteProcessMemory request was completed. (0x12B)
[1012/084035.418:ERROR:process_memory_win.cc(73)] ReadMemory at 0x4e61870 of 66 bytes failed: Only part of a ReadProcessMemory or WriteProcessMemory request was completed. (0x12B)
[1012/084035.418:ERROR:process_memory_win.cc(73)] ReadMemory at 0x4e619d0 of 64 bytes failed: Only part of a ReadProcessMemory or WriteProcessMemory request was completed. (0x12B)
[1012/084035.418:ERROR:process_memory_win.cc(73)] ReadMemory at 0x4e61c30 of 64 bytes failed: Only part of a ReadProcessMemory or WriteProcessMemory request was completed. (0x12B)
[1012/084035.418:ERROR:process_memory_win.cc(73)] ReadMemory at 0x4e61c80 of 64 bytes failed: Only part of a ReadProcessMemory or WriteProcessMemory request was completed. (0x12B)
[1012/084035.426:ERROR:process_memory_win.cc(73)] ReadMemory at 0x4e63010 of 72 bytes failed: Only part of a ReadProcessMemory or WriteProcessMemory request was completed. (0x12B)
[1012/084035.426:ERROR:process_memory_win.cc(73)] ReadMemory at 0x4e630c0 of 72 bytes failed: Only part of a ReadProcessMemory or WriteProcessMemory request was completed. (0x12B)
[1012/084035.426:ERROR:process_memory_win.cc(73)] ReadMemory at 0x4e63220 of 72 bytes failed: Only part of a ReadProcessMemory or WriteProcessMemory request was completed. (0x12B)
[1012/084035.426:ERROR:process_memory_win.cc(73)] ReadMemory at 0x4e632d0 of 72 bytes failed: Only part of a ReadProcessMemory or WriteProcessMemory request was completed. (0x12B)
[1012/084035.426:ERROR:process_memory_win.cc(73)] ReadMemory at 0x4e63380 of 72 bytes failed: Only part of a ReadProcessMemory or WriteProcessMemory request was completed. (0x12B)
[1012/084035.426:ERROR:process_memory_win.cc(73)] ReadMemory at 0x4e63430 of 72 bytes failed: Only part of a ReadProcessMemory or WriteProcessMemory request was completed. (0x12B)
[1012/084035.426:ERROR:process_memory_win.cc(73)] ReadMemory at 0x4e634e0 of 72 bytes failed: Only part of a ReadProcessMemory or WriteProcessMemory request was completed. (0x12B)
[1012/084035.426:ERROR:process_memory_win.cc(73)] ReadMemory at 0x4e63590 of 72 bytes failed: Only part of a ReadProcessMemory or WriteProcessMemory request was completed. (0x12B)
[1012/084035.426:ERROR:process_memory_win.cc(73)] ReadMemory at 0x4e63640 of 72 bytes failed: Only part of a ReadProcessMemory or WriteProcessMemory request was completed. (0x12B)
[1012/084035.426:ERROR:process_memory_win.cc(73)] ReadMemory at 0x4e636f0 of 72 bytes failed: Only part of a ReadProcessMemory or WriteProcessMemory request was completed. (0x12B)
[1012/084035.426:ERROR:process_memory_win.cc(73)] ReadMemory at 0x4e637a0 of 72 bytes failed: Only part of a ReadProcessMemory or WriteProcessMemory request was completed. (0x12B)
[1012/084035.426:ERROR:process_memory_win.cc(73)] ReadMemory at 0x4e63850 of 72 bytes failed: Only part of a ReadProcessMemory or WriteProcessMemory request was completed. (0x12B)
[1012/084035.426:ERROR:process_memory_win.cc(73)] ReadMemory at 0x4e63900 of 72 bytes failed: Only part of a ReadProcessMemory or WriteProcessMemory request was completed. (0x12B)
[1012/084035.426:ERROR:process_memory_win.cc(73)] ReadMemory at 0x4e639b0 of 72 bytes failed: Only part of a ReadProcessMemory or WriteProcessMemory request was completed. (0x12B)
[1012/084035.426:ERROR:process_memory_win.cc(73)] ReadMemory at 0x4e63a60 of 72 bytes failed: Only part of a ReadProcessMemory or WriteProcessMemory request was completed. (0x12B)
[1012/084035.426:ERROR:process_memory_win.cc(73)] ReadMemory at 0x4e63b10 of 72 bytes failed: Only part of a ReadProcessMemory or WriteProcessMemory request was completed. (0x12B)
[1012/084035.426:ERROR:process_memory_win.cc(73)] ReadMemory at 0x4e63bc0 of 72 bytes failed: Only part of a ReadProcessMemory or WriteProcessMemory request was completed. (0x12B)
[1012/084035.426:ERROR:process_memory_win.cc(73)] ReadMemory at 0x4e63c70 of 72 bytes failed: Only part of a ReadProcessMemory or WriteProcessMemory request was completed. (0x12B)
[1012/084035.426:ERROR:process_memory_win.cc(73)] ReadMemory at 0x4e63d20 of 72 bytes failed: Only part of a ReadProcessMemory or WriteProcessMemory request was completed. (0x12B)
[1012/084035.426:ERROR:process_memory_win.cc(73)] ReadMemory at 0x4e63dd0 of 72 bytes failed: Only part of a ReadProcessMemory or WriteProcessMemory request was completed. (0x12B)
[1012/084035.426:ERROR:process_memory_win.cc(73)] ReadMemory at 0x4e63e80 of 72 bytes failed: Only part of a ReadProcessMemory or WriteProcessMemory request was completed. (0x12B)
[1012/084035.426:ERROR:process_memory_win.cc(73)] ReadMemory at 0x4e63f30 of 72 bytes failed: Only part of a ReadProcessMemory or WriteProcessMemory request was completed. (0x12B)
[1012/084035.426:ERROR:process_memory_win.cc(73)] ReadMemory at 0x4e64478 of 72 bytes failed: Only part of a ReadProcessMemory or WriteProcessMemory request was completed. (0x12B)
[1012/084035.426:ERROR:process_memory_win.cc(73)] ReadMemory at 0x4e645d8 of 72 bytes failed: Only part of a ReadProcessMemory or WriteProcessMemory request was completed. (0x12B)
[1012/084035.426:ERROR:process_memory_win.cc(73)] ReadMemory at 0x4e64688 of 72 bytes failed: Only part of a ReadProcessMemory or WriteProcessMemory request was completed. (0x12B)
[1012/084035.426:ERROR:process_memory_win.cc(73)] ReadMemory at 0x4e64948 of 72 bytes failed: Only part of a ReadProcessMemory or WriteProcessMemory request was completed. (0x12B)
[1012/084035.426:ERROR:process_memory_win.cc(73)] ReadMemory at 0x4e650d8 of 72 bytes failed: Only part of a ReadProcessMemory or WriteProcessMemory request was completed. (0x12B)
[1012/084035.426:ERROR:process_memory_win.cc(73)] ReadMemory at 0x4e65238 of 72 bytes failed: Only part of a ReadProcessMemory or WriteProcessMemory request was completed. (0x12B)
[1012/084035.426:ERROR:process_memory_win.cc(73)] ReadMemory at 0x4e652e8 of 72 bytes failed: Only part of a ReadProcessMemory or WriteProcessMemory request was completed. (0x12B)
[1012/084035.426:ERROR:process_memory_win.cc(73)] ReadMemory at 0x4e66da8 of 64 bytes failed: Only part of a ReadProcessMemory or WriteProcessMemory request was completed. (0x12B)
[1012/084035.426:ERROR:process_memory_win.cc(73)] ReadMemory at 0x4e67918 of 54 bytes failed: Only part of a ReadProcessMemory or WriteProcessMemory request was completed. (0x12B)
[1012/084035.426:ERROR:process_memory_win.cc(73)] ReadMemory at 0x4e6aed8 of 144 bytes failed: Only part of a ReadProcessMemory or WriteProcessMemory request was completed. (0x12B)
[1012/084035.426:ERROR:process_memory_win.cc(73)] ReadMemory at 0x4e6b068 of 64 bytes failed: Only part of a ReadProcessMemory or WriteProcessMemory request was completed. (0x12B)
[1012/084035.426:ERROR:process_memory_win.cc(73)] ReadMemory at 0x4e6b7b8 of 64 bytes failed: Only part of a ReadProcessMemory or WriteProcessMemory request was completed. (0x12B)
[1012/084035.426:ERROR:process_memory_win.cc(73)] ReadMemory at 0x4e6b858 of 64 bytes failed: Only part of a ReadProcessMemory or WriteProcessMemory request was completed. (0x12B)
[1012/084035.426:ERROR:process_memory_win.cc(73)] ReadMemory at 0x4e6bb78 of 66 bytes failed: Only part of a ReadProcessMemory or WriteProcessMemory request was completed. (0x12B)
[1012/084035.426:ERROR:process_memory_win.cc(73)] ReadMemory at 0x4e6bd08 of 64 bytes failed: Only part of a ReadProcessMemory or WriteProcessMemory request was completed. (0x12B)
[1012/084035.426:ERROR:process_memory_win.cc(73)] ReadMemory at 0x4e6bf80 of 80 bytes failed: Only part of a ReadProcessMemory or WriteProcessMemory request was completed. (0x12B)
[1012/084035.426:ERROR:process_memory_win.cc(73)] ReadMemory at 0x4e6c410 of 512 bytes failed: Only part of a ReadProcessMemory or WriteProcessMemory request was completed. (0x12B)
[1012/084035.426:ERROR:process_memory_win.cc(73)] ReadMemory at 0x4e8adf0 of 512 bytes failed: Only part of a ReadProcessMemory or WriteProcessMemory request was completed. (0x12B)
[1012/084035.426:ERROR:process_memory_win.cc(73)] ReadMemory at 0x4ece7e0 of 512 bytes failed: Only part of a ReadProcessMemory or WriteProcessMemory request was completed. (0x12B)
[1012/084035.426:ERROR:process_memory_win.cc(73)] ReadMemory at 0x4ecf430 of 512 bytes failed: Only part of a ReadProcessMemory or WriteProcessMemory request was completed. (0x12B)
[1012/084035.426:ERROR:process_memory_win.cc(73)] ReadMemory at 0x4ed9338 of 512 bytes failed: Only part of a ReadProcessMemory or WriteProcessMemory request was completed. (0x12B)
[1012/084035.426:ERROR:process_memory_win.cc(73)] ReadMemory at 0x3f616c28 of 512 bytes failed: Only part of a ReadProcessMemory or WriteProcessMemory request was completed. (0x12B)
[1012/084035.426:ERROR:process_memory_win.cc(73)] ReadMemory at 0x4f494460 of 512 bytes failed: Only part of a ReadProcessMemory or WriteProcessMemory request was completed. (0x12B)
[1012/084035.426:ERROR:process_memory_win.cc(73)] ReadMemory at 0x6ca9154c of 512 bytes failed: Only part of a ReadProcessMemory or WriteProcessMemory request was completed. (0x12B)
[1012/084035.426:ERROR:process_memory_win.cc(73)] ReadMemory at 0x76ca66e0 of 512 bytes failed: Only part of a ReadProcessMemory or WriteProcessMemory request was completed. (0x12B)
[1012/084035.426:ERROR:process_memory_win.cc(73)] ReadMemory at 0x770ec0fc of 18 bytes failed: Only part of a ReadProcessMemory or WriteProcessMemory request was completed. (0x12B)
[1012/084035.426:ERROR:process_memory_win.cc(73)] ReadMemory at 0x7711a370 of 512 bytes failed: Only part of a ReadProcessMemory or WriteProcessMemory request was completed. (0x12B)
[1012/084035.426:ERROR:process_memory_win.cc(73)] ReadMemory at 0x77151d0c of 592 bytes failed: Only part of a ReadProcessMemory or WriteProcessMemory request was completed. (0x12B)
[1012/084035.426:ERROR:process_memory_win.cc(73)] ReadMemory at 0x7715202c of 512 bytes failed: Only part of a ReadProcessMemory or WriteProcessMemory request was completed. (0x12B)
[1012/084035.426:ERROR:process_memory_win.cc(73)] ReadMemory at 0x7715390c of 560 bytes failed: Only part of a ReadProcessMemory or WriteProcessMemory request was completed. (0x12B)
[1012/084035.426:ERROR:process_memory_win.cc(73)] ReadMemory at 0x771f53b8 of 24 bytes failed: Only part of a ReadProcessMemory or WriteProcessMemory request was completed. (0x12B)
[1012/084035.426:ERROR:process_memory_win.cc(73)] ReadMemory at 0x771f56d4 of 32 bytes failed: Only part of a ReadProcessMemory or WriteProcessMemory request was completed. (0x12B)
[1012/084035.426:ERROR:process_memory_win.cc(73)] ReadMemory at 0x771f7c00 of 36 bytes failed: Only part of a ReadProcessMemory or WriteProcessMemory request was completed. (0x12B)
[1012/084035.434:ERROR:scoped_process_suspend.cc(40)] NtResumeProcess: An attempt was made to access an exiting process. (0xc000010a)
[1113/113735.822:ERROR:directory_reader_win.cc(43)] FindFirstFile: The system cannot find the path specified. (0x3)
[1114/130841.026:ERROR:directory_reader_win.cc(43)] FindFirstFile: The system cannot find the path specified. (0x3)
[1114/145638.457:ERROR:directory_reader_win.cc(43)] FindFirstFile: The system cannot find the path specified. (0x3)
[1114/154913.975:ERROR:directory_reader_win.cc(43)] FindFirstFile: The system cannot find the path specified. (0x3)
[1114/195153.552:ERROR:directory_reader_win.cc(43)] FindFirstFile: The system cannot find the path specified. (0x3)
[1115/091427.775:ERROR:directory_reader_win.cc(43)] FindFirstFile: The system cannot find the path specified. (0x3)
[1115/133928.394:ERROR:directory_reader_win.cc(43)] FindFirstFile: The system cannot find the path specified. (0x3)
[1117/112244.231:ERROR:directory_reader_win.cc(43)] FindFirstFile: The system cannot find the path specified. (0x3)
[1117/132204.660:ERROR:process_reader_win.cc(123)] NtOpenThread: {Access Denied} A process has requested access to an object, but has not been granted those access rights. (0xc0000022)
[1117/132204.660:ERROR:process_reader_win.cc(123)] NtOpenThread: {Access Denied} A process has requested access to an object, but has not been granted those access rights. (0xc0000022)
[1117/132204.821:ERROR:exception_snapshot_win.cc(99)] thread ID 7924 not found in process
[1117/132204.821:ERROR:exception_snapshot_win.cc(99)] thread ID 2556 not found in process
[1117/135305.592:ERROR:directory_reader_win.cc(43)] FindFirstFile: The system cannot find the path specified. (0x3)
[1117/193412.067:ERROR:directory_reader_win.cc(43)] FindFirstFile: The system cannot find the path specified. (0x3)
[1118/090445.374:ERROR:directory_reader_win.cc(43)] FindFirstFile: The system cannot find the path specified. (0x3)
[1119/090626.154:ERROR:directory_reader_win.cc(43)] FindFirstFile: The system cannot find the path specified. (0x3)
[1119/122259.054:ERROR:directory_reader_win.cc(43)] FindFirstFile: The system cannot find the path specified. (0x3)
[1119/140950.734:ERROR:directory_reader_win.cc(43)] FindFirstFile: The system cannot find the path specified. (0x3)
[1119/215505.752:ERROR:directory_reader_win.cc(43)] FindFirstFile: The system cannot find the path specified. (0x3)
[1120/093243.469:ERROR:directory_reader_win.cc(43)] FindFirstFile: The system cannot find the path specified. (0x3)
[1120/102541.191:ERROR:directory_reader_win.cc(43)] FindFirstFile: The system cannot find the path specified. (0x3)
[1125/090059.919:ERROR:directory_reader_win.cc(43)] FindFirstFile: The system cannot find the path specified. (0x3)
[1125/141128.718:ERROR:directory_reader_win.cc(43)] FindFirstFile: The system cannot find the path specified. (0x3)
